{
    "stats": {
        "suites": 0,
        "tests": 0,
        "passes": 0,
        "pending": 0,
        "failures": 0,
        "start": "Wed Jul 30 2025 11:26:23 GMT+0100 (British Summer Time)",
        "end": "Wed Jul 30 2025 11:26:23 GMT+0100 (British Summer Time)",
        "duration": 0,
        "testsRegistered": 0,
        "passPercent": 0,
        "pendingPercent": 0,
        "other": 0,
        "hasOther": false,
        "skipped": 0,
        "hasSkipped": false
    },
    "results": [
        {
            "uuid": "",
            "title": "",
            "fullFile": "",
            "file": "",
            "beforeHooks": [],
            "afterHooks": [],
            "tests": [],
            "suites": [],
            "passes": [],
            "failures": [],
            "pending": [],
            "skipped": [],
            "duration": 0,
            "root": true,
            "rootEmpty": true,
            "_timeout": 0
        }
    ],
    "meta": {
        "mochawesome": {
            "options": {},
            "version": "7.1.3"
        },
        "marge": {
            "options": {},
            "version": "6.2.0"
        },
        "mocha": {
            "version": "7.1.3"
        }
    }
}